{
  "stats": {
    "suites": 2,
    "tests": 4,
    "passes": 1,
    "pending": 0,
    "failures": 3,
    "start": "2023-10-06T23:51:39.129Z",
    "end": "2023-10-06T23:51:47.458Z",
    "duration": 8329,
    "testsRegistered": 4,
    "passPercent": 25,
    "pendingPercent": 0,
    "other": 0,
    "hasOther": false,
    "skipped": 0,
    "hasSkipped": false
  },
  "results": [
    {
      "uuid": "a31c5e57-9286-4988-a4f9-e638bf86efd9",
      "title": "",
      "fullFile": "cypress/e2e/envPreprod/connexion.cy.js",
      "file": "cypress/e2e/envPreprod/connexion.cy.js",
      "beforeHooks": [],
      "afterHooks": [],
      "tests": [],
      "suites": [
        {
          "uuid": "bb364fd1-644a-4d48-9bcb-7a3788a1ea8d",
          "title": "env",
          "fullFile": "",
          "file": "",
          "beforeHooks": [],
          "afterHooks": [],
          "tests": [
            {
              "title": "passes",
              "fullTitle": "env passes",
              "timedOut": null,
              "duration": 33,
              "state": "passed",
              "speed": "fast",
              "pass": true,
              "fail": false,
              "pending": false,
              "context": null,
              "code": "cy.log(Cypress.env('LOGIN_ADMIN_OK'));",
              "err": {},
              "uuid": "c996c3ad-0346-4366-a3c2-123b04739400",
              "parentUUID": "bb364fd1-644a-4d48-9bcb-7a3788a1ea8d",
              "isHook": false,
              "skipped": false
            }
          ],
          "suites": [],
          "passes": [
            "c996c3ad-0346-4366-a3c2-123b04739400"
          ],
          "failures": [],
          "pending": [],
          "skipped": [],
          "duration": 33,
          "root": false,
          "rootEmpty": false,
          "_timeout": 2000
        },
        {
          "uuid": "c02b7327-4c2d-4720-8194-3c11ca269248",
          "title": "L'objectif: tester la connexion utilisateur",
          "fullFile": "",
          "file": "",
          "beforeHooks": [],
          "afterHooks": [],
          "tests": [
            {
              "title": "Connexion utilisateur valide",
              "fullTitle": "L'objectif: tester la connexion utilisateur Connexion utilisateur valide",
              "timedOut": null,
              "duration": 4842,
              "state": "failed",
              "speed": null,
              "pass": false,
              "fail": true,
              "pending": false,
              "context": null,
              "code": "(0, _po_Connexion.loginValide)();",
              "err": {
                "message": "CypressError: `cy.type()` can only accept a string or number. You passed in: `undefined`\n\nhttps://on.cypress.io/type",
                "estack": "CypressError: `cy.type()` can only accept a string or number. You passed in: `undefined`\n\nhttps://on.cypress.io/type\n    at Context.type (https://opencruise-ok.sogeti-center.cloud/__cypress/runner/cypress_runner.js:143755:76)\n    at wrapped (https://opencruise-ok.sogeti-center.cloud/__cypress/runner/cypress_runner.js:160613:19)\nFrom Your Spec Code:\n    at login (webpack:///./cypress/e2e/page_object/po_Connexion.js:27:28)\n    at loginValide (webpack:///./cypress/e2e/page_object/po_Connexion.js:34:4)\n    at Context.eval (webpack:///./cypress/e2e/envPreprod/connexion.cy.js:25:21)",
                "diff": null
              },
              "uuid": "7762335c-f6e3-485a-98e8-b0637d49dbba",
              "parentUUID": "c02b7327-4c2d-4720-8194-3c11ca269248",
              "isHook": false,
              "skipped": false
            },
            {
              "title": "Connexion utilisateur invalide",
              "fullTitle": "L'objectif: tester la connexion utilisateur Connexion utilisateur invalide",
              "timedOut": null,
              "duration": 1054,
              "state": "failed",
              "speed": null,
              "pass": false,
              "fail": true,
              "pending": false,
              "context": null,
              "code": "(0, _po_Connexion.loginInvalide)();",
              "err": {
                "message": "CypressError: `cy.type()` can only accept a string or number. You passed in: `undefined`\n\nhttps://on.cypress.io/type",
                "estack": "CypressError: `cy.type()` can only accept a string or number. You passed in: `undefined`\n\nhttps://on.cypress.io/type\n    at Context.type (https://opencruise-ok.sogeti-center.cloud/__cypress/runner/cypress_runner.js:143755:76)\n    at wrapped (https://opencruise-ok.sogeti-center.cloud/__cypress/runner/cypress_runner.js:160613:19)\nFrom Your Spec Code:\n    at login (webpack:///./cypress/e2e/page_object/po_Connexion.js:27:28)\n    at loginInvalide (webpack:///./cypress/e2e/page_object/po_Connexion.js:39:4)\n    at Context.eval (webpack:///./cypress/e2e/envPreprod/connexion.cy.js:35:23)",
                "diff": null
              },
              "uuid": "ead6c38a-5a74-43e4-895c-f867ac5d5de9",
              "parentUUID": "c02b7327-4c2d-4720-8194-3c11ca269248",
              "isHook": false,
              "skipped": false
            },
            {
              "title": "Connexion compte admin valide",
              "fullTitle": "L'objectif: tester la connexion utilisateur Connexion compte admin valide",
              "timedOut": null,
              "duration": 1122,
              "state": "failed",
              "speed": null,
              "pass": false,
              "fail": true,
              "pending": false,
              "context": null,
              "code": "(0, _po_Connexion.loginAdminOk)();",
              "err": {
                "message": "CypressError: `cy.type()` can only accept a string or number. You passed in: `undefined`\n\nhttps://on.cypress.io/type",
                "estack": "CypressError: `cy.type()` can only accept a string or number. You passed in: `undefined`\n\nhttps://on.cypress.io/type\n    at Context.type (https://opencruise-ok.sogeti-center.cloud/__cypress/runner/cypress_runner.js:143755:76)\n    at wrapped (https://opencruise-ok.sogeti-center.cloud/__cypress/runner/cypress_runner.js:160613:19)\nFrom Your Spec Code:\n    at login (webpack:///./cypress/e2e/page_object/po_Connexion.js:27:28)\n    at loginAdminOk (webpack:///./cypress/e2e/page_object/po_Connexion.js:44:4)\n    at Context.eval (webpack:///./cypress/e2e/envPreprod/connexion.cy.js:43:20)",
                "diff": null
              },
              "uuid": "96eff377-52a4-43ae-8694-33c76910d77b",
              "parentUUID": "c02b7327-4c2d-4720-8194-3c11ca269248",
              "isHook": false,
              "skipped": false
            }
          ],
          "suites": [],
          "passes": [],
          "failures": [
            "7762335c-f6e3-485a-98e8-b0637d49dbba",
            "ead6c38a-5a74-43e4-895c-f867ac5d5de9",
            "96eff377-52a4-43ae-8694-33c76910d77b"
          ],
          "pending": [],
          "skipped": [],
          "duration": 7018,
          "root": false,
          "rootEmpty": false,
          "_timeout": 2000
        }
      ],
      "passes": [],
      "failures": [],
      "pending": [],
      "skipped": [],
      "duration": 0,
      "root": true,
      "rootEmpty": true,
      "_timeout": 2000
    }
  ],
  "meta": {
    "mocha": {
      "version": "7.0.1"
    },
    "mochawesome": {
      "options": {
        "quiet": false,
        "reportFilename": "mochawesome",
        "saveHtml": false,
        "saveJson": true,
        "consoleReporter": "spec",
        "useInlineDiffs": false,
        "code": true
      },
      "version": "7.1.3"
    },
    "marge": {
      "options": {
        "reportDir": "cypress/results",
        "overwrite": true,
        "html": false,
        "json": true
      },
      "version": "6.2.0"
    }
  }
}